626
626
700
626
626
626
626
626
893
1323
626
1323
965
626
626
1603
871
871
1188
1323
1603
1188
1323
1188
898
0
898
1188
1430
1603
1430
1323
1323
898
1603
1188
898
319
1188
1603
906
898
906
1000
898
898
1868
319
1323
1000
1323
970
1528
898
898
1000
1603
1603
898
1755
898
1000
1603
1000
970
1000
1318
1000
898
1323
898
1755
1000
1000
1000
1000
0
1318
319
898
970
1000
898
1000
1082
1188
1755
1000
1868
1000
898
1000
1188
1000
1000
1318
1528
1000
1323
970
1000
970
970
1000
1884
1603
898
1000
1528
1766
745
1884
1000
1000
1528
1766
970
1000
1082
898
898
1603
970
1082
1603
898
1124
970
1188
970
970
1000
898
1884
1438
1528
970
1323
898
1124
1082
1438
1000
1323
1000
1124
898
1124
1884
745
1000
1188
1884
898
1082
970
1183
1183
1000
970
1000
909
1755
970
1755
1000
1884
898
1766
1603
1188
1868
1000
1000
1000
1183
970
1000
909
1603
1868
1766
1000
1082
1183
1884
1188
1000
1868
898
1188
1000
1438
1000
1318
1082
1603
1183
1318
1000
1755
970
1603
1082
970
909
898
1000
970
1000
1000
898
1438
1000
1188
970
909
1528
1000
1884
1000
970
1868
1082
970
909
1318
1183
909
909
1367
1318
1884
1082
1000
1603
909
1766
1528
1000
898
1438
1000
1000
1367
1000
1551
909
909
909
970
745
1082
969
1000
970
898
745
1000
1755
1000
970
1000
898
1183
1183
1000
1183
1000
898
1000
409
970
224
1183
1603
969
1000
1082
1183
969
1183
1000
1766
1000
983
1000
1755
970
1188
1000
1000
1000
1000
1183
969
1188
1082
1000
1000
1000
1183
969
1603
1000
1323
898
909
1884
1551
1000
1000
1326
898
1000
1326
1188
1551
969
983
898
1603
1884
983
898
1603
1551
898
1326
1884
969
1000
1367
1603
1624
969
1367
1551
1000
1755
1000
1000
969
1000
1326
1603
969
1326
1000
898
1188
1326
1000
1551
1183
1183
1000
969
898
1000
1000
983
1000
1000
1830
1000
784
1356
1183
1868
1551
1082
1000
1000
1188
1000
1603
1183
784
1000
983
983
979
979
1000
979
1000
1367
979
1000
979
1868
784
1367
1000
