8484
8705
8658
8420
8530
8628
8556
8345
8673
8730
8749
8481
8289
7969
8036
8779
8424
8495
8079
8735
8730
8595
8141
8350
8093
8393
8470
8635
8612
8208
8695
8501
8698
8157
7946
8199
7934
8084
7638
8290
7957
8397
8756
8263
7749
8061
8321
8334
8676
8167
8381
8581
8557
7761
8220
8409
8219
8014
7901
8731
8551
8497
8597
8360
8634
8656
8706
8451
8234
8436
8491
8323
8414
8245
8074
8716
8252
7737
8125
8759
8553
8590
8541
8483
8399
8813
8529
8517
8595
8243
8096
7794
8513
8510
8481
8097
8442
8499
7945
8454
8806
8548
8763
8056
8735
8087
8526
8660
8082
8257
8089
8674
8279
8583
8690
8681
8768
7876
8476
8524
8659
8690
8509
8676
8748
8823
8697
8493
7963
8111
8457
8631
8751
8466
8383
8220
8316
8163
8789
7999
8669
8605
8058
8365
8703
8432
8108
8709
8054
8347
8536
8038
8814
8850
8419
8721
8466
8602
8322
8551
8187
7864
8084
8496
8183
8802
8394
8385
7771
8445
8292
8266
8466
8545
8114
8225
8153
8488
8654
8009
8665
8443
8086
8723
8626
8732
8073
8670
8467
8644
8204
8794
8070
8589
8760
8431
7915
8553
8630
8635
8616
8620
8284
8241
8768
8722
8301
8006
8619
8682
8318
8458
7693
8829
8640
8174
8620
8133
8635
8642
8642
7666
8366
8688
8174
8158
8405
8674
8531
8748
8731
8660
8445
8232
8554
8146
8761
8438
8616
8031
8738
8528
8379
8484
8629
8624
8186
8701
7893
7881
8036
8435
8412
8744
8675
8230
8632
8672
8460
8371
8803
8293
8361
8280
8540
8379
8200
8607
8771
8566
8551
8017
8181
8341
8582
8549
8646
8028
8529
7719
8474
8645
8133
8790
8400
8249
8164
7932
8421
7818
8000
8481
8534
8018
8693
8729
8604
8601
8731
8554
8138
8337
8539
8229
8537
8277
7814
8603
8570
8215
8676
8610
8658
8826
8388
8580
8494
8621
8297
8568
8591
8335
8331
7805
8111
8167
8569
8472
8635
7759
8541
8177
8758
7821
8680
8557
8121
8614
8732
8713
8476
8356
8410
8753
8530
8532
8325
8427
8775
8134
8342
8115
8263
8504
8635
8661
7848
7991
8446
8150
8566
8117
8710
8708
8373
8501
7983
8330
8115
8226
8210
8380
7866
7853
8454
8221
8529
8204
8801
7737
8011
8664
8608
8043
8498
7797
8785
8564
8785
8693
8259
8754
8835
7905
8551
8577
8602
8154
8575
7839
8321
8541
7959
8181
8643
8590
8616
8215
8253
8639
8381
8217
8530
8255
7913
8170
8446
8485
8569
8409
8542
8043
8574
8433
8024
8635
8076
8638
8592
8017
8329
8732
8692
8517
8199
8741
8170
8472
8496
8647
8489
8718
7773
7940
8661
8609
8263
8843
8580
8122
8338
8009
8322
8784
8240
8277
8763
8612
8621
8650
7894
8484
8711
8398
8548
8294
8219
8197
8470
8809
8524
7975
8169
7822
8573
8013
8627
8549
8451
8608
8523
8744
8208
8431
8589
8292
8739
8740
8640
8137
8711
8548
8601
8020
8594
8334
8110
8485
8587
8059
8417
8382
8771
8339
8318
8709
8360
8550
8614
8015
8707
8272
8777
8112
8297
8758
8182
8038
8355
8143
8512
8400
8709
8190
8527
8571
8597
8729
8449
8030
8367
8570
8488
8370
8343
8196
8300
8542
8318
8328
8630
8277
8413
8591
8602
7988
8373
8367
8316
8070
8674
8561
8246
8143
8554
8576
8223
8508
8001
8460
8389
8621
8546
8212
8719
8139
8610
8487
8166
8021
8394
8210
8460
8318
8510
8635
8198
8552
8635
8482
8439
8471
8661
8599
8617
8333
8405
8540
8242
8454
8254
8234
8373
8584
8591
8777
8352
8725
8311
8510
8658
8192
8179
8324
8558
8695
7827
8552
8609
8636
8407
8700
8506
8451
8069
8048
8197
8544
8300
8541
8685
8546
8508
8063
8439
8489
8392
8030
8485
8764
8286
8614
8765
8548
8301
8799
8174
8587
8218
7649
8507
8514
8238
8617
8676
8448
8339
8247
8142
8278
8051
8304
7997
8615
8372
7554
8611
8433
8230
8031
8583
8611
8652
8532
8416
8684
8280
8326
8574
7892
8134
8250
8290
8087
8469
8005
8112
8055
7960
8597
8665
8036
8612
8403
8346
8636
8423
8328
8295
8388
8700
8544
8129
8476
8500
8261
8641
7794
8305
8804
8159
8367
8603
7909
8573
8057
7823
8169
8563
8152
8326
8431
8627
8520
8520
8039
8502
8470
8097
8397
8627
8526
8289
8655
8318
8418
8238
7979
8256
8158
8772
8473
8388
8758
8601
8492
8506
8636
8652
8149
8472
8554
8647
8561
8458
8559
8593
8820
8410
8557
8597
8147
8365
7964
8734
8200
8362
8502
8651
8255
8692
8278
8352
8772
7761
8202
8346
8656
8206
7954
8757
7815
8677
8537
8707
8820
8324
7867
7600
8378
8701
8541
8606
8120
8722
8298
8659
8029
7865
8702
8393
8218
8429
8052
8570
8294
8582
8457
7778
8658
8779
8447
7992
8014
7681
8430
8325
8287
8391
8757
8676
8253
8511
8800
8605
8627
8039
8193
8800
8244
8046
8080
8419
8282
8507
8740
8644
8828
8315
8480
8773
8593
8669
8459
8307
8373
8434
8105
8522
8438
8284
8755
7895
8403
8220
8577
8019
8216
8154
8243
8343
8655
8270
8424
8507
7906
8734
8258
8732
8320
8761
8408
8637
8067
8467
8431
8392
8597
8419
8515
8835
8135
8378
8020
8569
8731
8396
8555
8612
8163
8360
8703
8430
8157
8641
8165
8435
8173
8752
7889
8601
8526
7961
8583
8506
8628
8614
8757
7915
8227
8697
8096
8664
8579
8200
8615
8377
8582
8350
8528
8318
8332
8126
8532
8522
8457
8639
8401
8742
8408
8629
7861
8327
8363
8289
8455
8629
7989
8455
8557
8679
8302
8167
8516
8334
8574
8417
8474
8581
8472
8502
8455
8662
8535
8446
8490
8244
8390
8601
8714
8694
8376
8705
8114
8317
8465
8625
8624
8326
8417
8585
8351
8734
8252
8318
8729
8641
8449
8436
8681
8334
8742
7916
8447
8280
8459
8366
8524
8748
8372
8542
8667
8552
8492
8264
8297
8589
8231
8542
8202
8739
8313
8793
8054
7518
8680
8628
8450
8624
8560
