0
199
2
3
472
771
689
243
927
764
178
402
52
199
472
412
253
166
412
19
385
451
910
661
166
575
898
102
28
689
771
385
185
33
786
35
164
521
472
39
176
640
312
253
927
192
312
182
402
235
307
412
52
33
513
141
102
451
58
205
771
451
225
835
74
74
33
640
927
253
771
74
356
450
74
910
312
253
286
764
35
513
307
102
787
835
356
927
764
208
225
600
35
235
835
102
19
253
620
356
100
521
102
600
185
105
106
412
450
521
640
176
472
192
208
898
927
253
164
102
620
52
412
0
178
19
385
185
472
248
412
102
0
620
248
402
74
182
771
166
2
141
192
243
521
248
74
253
647
149
141
164
880
385
74
898
764
898
307
74
33
794
312
356
164
835
166
176
910
771
74
100
35
105
164
199
176
19
178
100
74
787
182
910
164
185
205
412
253
661
182
191
192
2
230
575
196
794
412
199
200
33
243
235
886
205
513
898
208
74
230
927
412
312
356
164
577
927
164
764
164
356
356
764
764
225
74
472
141
472
230
192
764
199
192
235
620
661
253
307
176
192
164
243
575
166
385
235
248
513
927
33
356
253
835
255
787
257
253
472
620
74
102
312
286
105
412
166
472
182
253
600
208
102
253
600
771
35
278
279
286
307
771
451
52
385
286
647
176
166
178
182
253
771
74
661
166
176
451
208
787
74
577
451
787
600
164
307
640
0
640
910
312
600
450
787
620
647
356
35
910
661
185
385
356
312
764
472
451
35
52
331
235
164
412
620
451
312
600
248
35
764
620
385
102
52
33
230
248
164
286
100
192
225
243
248
356
880
230
208
360
205
33
35
178
620
105
835
402
102
2
898
74
164
312
356
164
192
898
102
192
898
185
927
100
385
880
786
312
74
898
600
392
513
577
395
253
248
450
927
248
185
402
185
404
405
472
886
402
235
356
192
412
192
2
794
640
2
647
253
880
100
787
910
764
412
253
2
2
166
927
100
74
787
105
898
412
764
356
835
286
575
105
248
105
886
100
472
307
35
450
451
185
600
454
164
164
225
312
771
2
764
286
463
141
620
52
771
577
166
176
513
472
647
253
640
794
248
192
253
253
577
307
450
898
898
356
230
412
2
472
620
253
412
225
898
230
185
19
164
164
178
402
74
647
164
640
356
640
402
307
640
575
513
771
513
166
577
35
794
520
521
898
312
102
640
286
286
102
199
513
356
786
141
534
451
575
253
253
927
764
472
33
253
835
412
248
927
577
52
927
771
620
33
620
898
556
771
558
208
385
235
620
166
577
286
185
640
880
569
33
412
166
2
451
575
689
577
771
472
898
176
2
385
33
74
412
620
312
33
166
248
575
771
286
166
886
205
182
647
600
248
794
205
286
661
312
178
356
620
105
450
513
230
620
19
253
402
243
192
620
794
787
205
52
253
787
176
307
927
74
631
898
771
74
451
412
402
402
661
640
898
312
356
640
620
402
647
164
243
74
182
472
176
661
787
620
74
472
176
472
661
2
178
164
577
248
185
185
513
786
199
176
451
771
412
786
166
248
192
680
176
794
286
575
74
898
166
312
689
835
0
312
248
33
620
521
33
164
35
248
880
356
880
182
640
689
927
620
835
178
513
74
199
192
715
0
898
513
176
600
886
450
385
33
235
771
248
52
176
164
0
235
640
2
356
764
737
356
886
412
600
74
600
647
185
787
600
74
451
312
886
898
385
0
835
356
402
74
835
192
787
521
225
764
286
412
356
356
248
35
771
208
35
886
521
898
412
835
402
835
176
927
640
771
312
786
787
253
286
513
791
102
835
794
74
205
689
798
105
385
412
802
312
356
253
243
786
385
185
286
898
141
248
385
19
816
513
786
689
898
771
385
164
835
141
35
827
205
33
33
74
412
450
74
835
0
451
164
356
225
451
33
2
412
356
199
521
208
835
243
19
2
771
356
689
450
248
0
225
312
927
451
208
771
100
100
402
35
185
230
880
771
620
874
248
248
787
35
600
880
312
835
600
402
248
886
141
764
2
640
74
600
286
620
451
2
248
898
356
225
74
312
880
787
521
312
102
620
787
910
911
243
2
356
286
898
178
918
164
647
385
513
620
794
513
356
927
689
35
661
356
102
898
185
935
74
35
412
176
356
600
356
105
600
402
787
164
948
74
102
575
385
402
771
166
182
74
764
185
764
451
192
513
771
205
771
312
248
640
102
19
786
910
898
192
787
513
176
402
312
689
886
141
984
620
786
185
910
230
166
286
356
19
248
356
199
312
998
620
0
997
517
565
67
305
32
33
377
510
813
73
12
78
319
714
402
917
632
354
105
350
935
38
695
354
360
444
166
187
92
510
32
33
455
67
36
60
38
360
305
510
42
414
92
824
467
659
890
917
50
51
92
0
54
55
402
78
510
627
60
60
909
890
202
824
832
67
105
354
510
54
935
73
33
350
414
917
78
79
305
824
791
467
304
243
890
350
88
510
917
377
92
54
652
95
280
360
890
510
280
929
88
103
832
105
67
187
622
954
92
402
166
32
38
280
346
290
33
60
510
36
305
166
38
632
935
954
360
563
202
714
243
350
305
88
320
402
33
402
296
565
280
832
935
622
38
909
305
33
659
350
54
78
290
78
156
510
166
414
50
38
304
935
791
935
166
632
54
169
33
78
917
173
510
0
414
997
695
354
305
296
166
714
54
909
12
187
73
929
563
256
354
105
12
890
54
954
320
954
563
290
202
714
166
205
67
714
917
290
12
211
60
296
929
414
55
935
88
305
220
92
33
627
256
652
304
296
917
243
92
402
622
627
319
105
832
220
510
662
997
510
243
243
622
350
350
320
248
54
714
12
414
935
220
50
256
517
166
350
510
455
169
695
659
54
166
354
695
319
166
467
296
54
92
243
909
296
278
32
280
169
282
917
67
791
954
296
935
659
290
169
32
12
78
50
296
54
354
32
305
350
402
832
304
305
290
360
220
320
886
88
0
169
622
659
444
60
978
319
320
354
402
935
354
917
202
12
319
187
54
331
92
909
824
354
54
88
402
886
695
350
714
12
350
929
346
510
348
319
350
319
88
517
354
360
88
32
832
917
360
414
917
12
510
12
304
88
414
455
166
92
305
886
622
997
360
377
290
166
467
714
382
290
290
662
220
305
73
350
12
510
243
890
652
444
632
166
320
67
978
455
402
627
935
954
978
350
166
105
305
917
32
54
414
202
346
187
32
510
88
421
565
32
305
304
60
714
36
32
377
431
662
33
510
60
954
354
67
166
917
695
320
354
444
32
92
917
354
92
450
187
662
917
0
455
88
354
978
954
935
954
695
73
36
92
169
467
468
60
169
60
220
88
929
662
280
67
402
67
36
280
954
467
714
305
714
627
350
935
296
54
360
662
360
652
444
320
280
360
88
501
909
60
32
909
997
92
917
202
510
978
565
60
169
813
73
517
813
92
346
67
54
60
627
220
88
280
166
92
350
978
32
354
220
402
510
402
632
54
36
0
542
832
305
909
92
33
402
305
55
55
978
256
954
714
510
319
256
421
354
510
92
563
917
565
55
187
350
813
60
36
166
632
346
33
917
54
659
517
92
929
662
627
105
421
55
350
354
55
32
832
296
517
55
67
791
12
510
243
33
305
166
304
55
38
202
0
954
510
886
12
517
32
54
517
997
954
32
444
652
354
622
346
563
243
67
627
628
0
455
296
632
714
280
455
33
632
256
662
67
290
280
929
67
421
646
824
510
627
73
622
652
88
92
290
622
360
563
659
296
220
662
455
917
813
622
256
166
169
88
510
54
12
280
652
954
565
917
350
50
354
935
33
886
622
67
510
220
305
510
813
791
296
50
695
166
92
166
886
791
444
659
290
517
290
565
187
36
220
280
563
290
256
714
60
350
296
622
978
414
622
954
304
622
305
886
220
421
421
50
510
909
632
632
622
60
510
54
320
105
187
662
743
444
346
166
88
467
67
714
54
563
813
38
360
354
54
622
12
659
38
762
92
824
917
954
350
346
38
166
402
54
305
421
166
187
824
695
377
791
402
12
60
917
714
296
377
510
890
32
791
166
0
92
305
33
67
652
0
467
354
802
319
32
305
280
92
290
954
220
714
444
813
917
455
402
444
202
220
354
997
791
565
824
346
354
813
997
652
824
917
832
220
166
105
510
12
563
421
290
319
467
622
305
202
256
202
848
517
954
510
510
627
304
166
290
290
12
886
917
377
320
622
290
886
290
33
73
402
421
350
33
346
54
60
54
220
791
290
917
510
88
935
884
360
886
935
824
350
890
622
978
280
350
280
296
305
60
813
290
901
220
997
78
256
467
50
92
909
290
290
169
290
73
563
73
917
455
377
360
402
55
290
377
220
290
280
305
929
929
280
304
243
360
935
360
92
354
714
354
33
92
350
67
565
360
695
78
949
296
12
929
280
954
105
166
220
305
959
33
421
890
296
935
350
966
354
565
917
510
88
50
832
92
54
652
977
978
979
350
50
354
305
984
36
296
377
350
290
78
890
659
510
36
54
714
997
360
935
0
946
2
421
79
987
6
388
135
470
58
173
173
987
881
724
914
17
860
290
173
880
881
543
708
470
136
353
28
298
290
914
32
33
34
538
254
485
58
290
302
708
987
28
421
120
881
880
470
987
643
882
708
756
868
70
485
58
58
302
724
529
62
987
808
881
564
538
223
107
70
71
914
708
290
58
914
987
873
79
873
724
145
223
120
85
987
79
173
860
881
808
517
532
286
470
421
470
353
830
470
107
946
643
173
643
470
107
108
881
58
85
112
987
881
806
120
485
993
137
120
153
860
914
532
125
987
860
987
194
120
756
987
223
806
135
136
137
538
388
140
538
28
173
302
145
868
147
173
987
881
946
58
153
58
254
421
145
517
378
58
28
162
58
538
107
564
388
168
538
882
868
806
173
453
353
135
120
946
873
33
388
79
873
517
120
79
187
145
453
33
881
135
193
194
470
499
806
470
517
79
987
120
120
987
421
806
485
173
517
470
136
212
756
880
28
216
120
844
137
353
168
465
223
173
860
532
194
564
465
532
378
538
58
378
844
868
388
302
688
860
388
223
532
135
470
470
353
79
517
250
173
465
517
254
120
927
120
868
421
708
470
860
298
532
453
120
353
290
173
353
708
272
470
274
136
70
538
79
223
137
844
860
58
532
136
286
28
564
914
290
993
517
135
806
223
173
844
298
844
882
499
302
70
140
485
453
993
70
290
173
987
353
987
914
453
136
298
388
378
860
517
254
223
70
353
70
880
328
140
873
298
135
453
860
388
830
946
470
120
987
145
342
107
223
808
499
453
914
532
254
120
543
353
388
927
868
58
85
85
860
529
499
808
873
120
688
140
465
79
844
987
987
173
868
173
33
470
378
168
453
880
173
532
353
532
844
453
388
223
868
499
33
987
137
378
135
286
398
532
107
70
388
532
868
724
868
465
914
173
532
532
135
421
882
470
135
830
302
517
465
421
532
532
860
927
173
135
465
914
353
62
388
173
844
914
532
137
868
79
194
914
137
708
538
868
135
168
543
987
135
465
532
453
79
378
286
993
153
987
806
120
529
223
914
465
254
830
421
873
470
223
532
868
474
927
529
543
353
353
107
107
173
643
830
485
286
140
499
353
724
70
724
880
914
517
353
993
140
499
873
987
70
58
643
388
946
298
543
470
532
70
286
873
708
421
62
517
538
135
120
388
470
523
223
806
302
286
643
529
830
517
532
465
529
470
33
537
538
756
85
844
135
543
868
860
85
844
881
882
145
756
873
532
421
880
470
470
353
470
388
532
388
70
564
806
806
353
62
140
946
168
881
708
470
880
79
868
173
85
168
485
388
993
168
353
453
543
881
485
136
543
592
465
353
868
470
79
708
58
70
136
844
844
173
517
421
881
708
844
724
708
194
806
724
70
388
298
223
868
70
140
622
946
880
808
626
724
946
173
254
868
421
421
137
860
987
927
724
79
353
860
806
643
173
223
880
868
880
987
538
651
79
353
470
655
33
254
470
353
290
353
532
453
808
135
724
79
120
529
254
881
465
70
85
388
173
499
688
860
880
688
927
532
135
564
808
70
688
70
194
538
470
353
153
688
517
697
465
286
388
194
136
70
704
145
28
421
708
286
353
79
70
881
543
880
70
70
882
830
388
532
58
808
724
353
137
79
987
708
914
465
173
564
120
881
173
517
844
724
353
173
987
499
378
107
353
120
708
873
868
302
868
353
844
880
756
543
532
517
70
873
120
173
868
421
173
724
173
168
529
62
564
470
388
378
882
987
453
70
254
499
298
290
353
868
70
62
688
194
453
532
806
79
85
173
882
873
844
564
517
927
107
806
28
485
806
453
808
465
860
860
756
194
987
815
756
298
140
465
708
532
135
538
532
538
135
378
353
470
830
145
987
880
868
153
643
470
708
85
173
841
120
388
844
643
223
470
298
881
532
756
153
532
868
538
643
868
223
173
860
861
532
830
120
881
724
914
868
421
168
70
28
873
538
223
388
877
58
987
880
881
882
388
470
830
806
993
529
153
890
153
302
223
873
688
987
993
806
899
708
465
880
62
70
33
882
353
868
286
470
388
173
532
914
136
388
153
421
724
153
62
453
58
453
302
120
927
873
724
485
28
388
470
137
844
194
993
873
927
120
532
873
987
140
353
946
688
33
529
724
756
538
873
70
806
880
724
62
120
120
33
465
844
987
987
532
421
987
353
538
688
470
532
914
453
168
977
808
979
465
914
145
353
62
353
880
987
564
989
173
708
58
993
517
927
806
290
453
145
0
892
2
975
564
52
6
49
994
79
845
131
347
65
604
196
196
950
249
495
783
642
819
237
926
845
169
49
90
558
321
845
206
338
975
781
819
783
52
904
440
41
42
43
75
45
347
613
131
49
692
237
52
294
324
249
783
550
950
975
727
206
324
950
173
65
196
755
65
564
70
604
778
604
131
75
558
315
324
79
845
642
52
968
117
117
973
45
239
892
90
52
315
196
781
819
90
975
819
774
564
845
102
249
856
672
710
107
2
249
110
994
720
746
968
294
774
117
781
973
131
774
513
294
755
692
495
90
746
774
90
131
70
755
778
79
778
720
52
324
347
642
904
584
188
347
892
188
75
672
281
642
727
495
249
968
338
495
2
604
550
188
162
973
747
926
196
727
168
169
2
968
294
173
174
196
774
994
883
131
70
968
182
495
324
185
642
604
188
845
347
294
883
324
892
672
196
774
604
321
65
542
774
819
892
495
206
994
727
196
604
281
324
188
196
117
495
819
642
746
169
131
746
117
224
117
550
227
746
169
227
188
45
513
604
294
117
237
950
239
52
239
169
243
315
440
294
131
845
249
495
564
281
994
294
196
206
169
564
883
706
584
883
746
642
495
173
720
973
950
819
542
558
75
274
65
75
994
604
206
564
281
558
324
284
968
347
892
710
542
290
892
720
604
294
315
604
950
298
70
90
301
79
196
642
117
173
975
692
564
819
196
347
755
324
315
347
720
613
883
321
321
52
950
324
2
79
117
950
324
249
70
892
819
315
692
642
315
338
774
950
819
347
819
613
324
117
347
950
706
710
706
747
819
727
2
710
819
755
52
904
819
542
75
90
290
347
720
169
755
347
90
281
373
324
926
227
239
604
315
173
950
778
239
564
710
281
778
845
710
774
994
720
727
950
747
206
65
131
720
338
994
495
883
892
558
188
883
564
604
706
564
2
294
338
774
783
347
495
347
747
973
52
294
338
315
347
440
542
52
950
747
604
294
196
747
604
315
819
720
440
294
169
883
973
550
49
747
819
542
237
550
294
196
642
819
495
883
169
950
720
904
249
727
883
495
604
52
819
294
755
196
975
727
856
90
755
79
169
315
196
550
196
196
131
45
117
642
856
290
321
613
45
968
495
495
564
196
196
440
845
169
564
503
504
249
495
347
75
75
883
49
321
513
513
706
856
564
819
720
706
883
522
347
52
781
324
495
845
819
727
75
249
883
70
950
294
321
347
975
540
550
542
173
845
584
169
845
564
75
550
249
347
642
52
206
672
819
558
819
52
781
440
550
564
883
290
294
720
950
542
542
294
706
75
672
720
710
720
950
604
604
564
783
584
642
79
587
315
206
290
975
237
819
727
347
65
173
783
783
746
75
604
131
604
131
169
747
196
720
227
294
315
613
117
892
564
290
290
347
294
672
117
70
79
727
926
904
315
629
117
692
584
338
819
347
819
604
196
639
338
819
642
672
926
75
237
558
755
65
75
778
338
710
550
49
75
294
338
727
950
672
169
237
324
710
950
667
883
315
950
249
672
774
75
774
227
613
196
495
680
45
131
819
747
685
227
495
347
604
584
45
692
196
196
324
131
747
237
819
321
892
70
188
550
845
706
604
708
79
710
227
845
564
720
315
281
206
75
727
720
819
845
294
892
75
968
727
206
315
347
117
542
294
950
188
950
975
926
513
883
747
290
747
550
883
746
747
70
321
856
117
294
513
856
755
904
440
845
883
892
249
819
892
324
747
196
904
692
778
294
321
290
672
774
604
117
856
778
52
550
781
727
783
883
173
2
321
321
845
315
892
550
892
584
883
819
584
281
892
819
613
513
783
249
883
950
642
294
883
604
747
550
550
584
49
495
819
783
819
642
239
75
495
196
819
558
604
692
926
746
950
819
321
926
550
188
169
90
173
840
973
883
774
169
845
169
49
495
550
237
290
950
79
495
321
856
856
440
196
642
45
131
227
347
584
613
867
173
819
968
117
727
513
281
131
117
747
781
774
747
883
321
883
558
227
347
52
495
613
890
495
892
642
249
774
819
49
239
169
883
564
249
70
904
747
781
727
52
440
746
249
994
973
52
249
781
950
819
321
819
819
315
778
973
324
926
65
49
131
950
819
495
281
778
294
706
883
321
939
642
781
45
604
321
169
294
613
727
904
950
845
550
747
926
720
2
819
239
774
819
819
706
239
347
45
227
892
968
883
513
727
972
973
513
975
347
495
249
321
774
904
440
237
604
324
774
495
692
692
239
131
2
720
994
558
131
819
65
856
0
771
436
532
32
347
98
606
46
734
392
166
333
635
832
924
245
17
32
973
98
27
46
17
643
26
26
27
544
753
753
948
32
33
228
26
331
37
166
604
233
396
891
700
383
291
46
208
27
412
383
46
360
604
771
360
260
26
661
37
383
260
861
166
535
368
606
383
604
32
771
360
535
436
935
507
203
392
27
924
26
331
734
46
544
203
412
368
436
120
866
114
635
26
228
208
535
260
98
494
166
606
924
368
771
208
203
17
832
753
535
260
195
935
114
606
832
544
635
26
120
114
17
700
331
383
233
228
245
458
203
148
350
46
383
753
643
368
412
886
734
948
407
368
32
834
245
396
148
392
17
428
152
228
195
360
114
260
368
635
360
27
98
163
148
544
166
46
977
886
392
333
753
27
494
208
46
17
98
948
331
260
606
163
606
260
412
347
661
46
32
37
228
604
194
195
46
32
198
977
507
412
606
203
866
251
360
661
208
507
604
251
120
383
436
532
753
458
428
120
866
221
535
392
251
166
208
227
228
229
208
360
228
233
148
753
428
494
260
37
436
544
661
208
291
245
32
891
333
635
661
251
891
383
935
148
208
832
228
163
260
37
195
832
291
924
32
32
245
27
350
368
507
606
436
535
331
507
278
507
924
535
203
152
27
245
891
604
643
195
753
291
291
260
700
436
532
152
396
700
861
412
302
331
383
331
532
32
834
309
360
866
891
532
392
195
383
233
383
319
407
148
208
604
544
412
326
120
635
228
260
331
251
333
291
507
228
148
507
27
604
32
494
251
606
333
17
347
46
251
350
834
352
46
886
152
163
260
148
507
360
643
251
98
364
535
166
166
368
428
152
260
606
373
195
375
973
924
368
32
635
532
382
383
203
635
661
977
834
606
152
643
392
935
606
507
396
494
494
700
544
163
535
291
260
458
406
407
331
532
260
368
412
977
604
291
507
436
17
412
643
368
233
233
195
407
203
291
428
228
228
331
46
407
360
350
436
535
604
436
228
245
643
114
251
407
331
166
604
753
120
46
452
532
412
866
866
532
458
331
460
166
866
195
412
26
383
467
208
347
228
532
436
606
208
507
291
350
152
396
866
861
606
604
891
163
535
46
32
383
331
604
114
350
494
412
195
260
350
46
291
544
973
228
886
886
368
507
535
507
643
606
635
977
251
27
333
507
700
532
291
948
544
291
195
861
935
350
228
535
260
26
532
27
396
535
606
606
228
604
260
37
866
494
544
208
27
507
548
866
436
166
604
260
114
46
37
208
331
753
535
333
507
973
544
832
643
753
251
368
46
532
753
507
458
643
233
120
494
973
228
37
331
635
584
866
37
924
412
98
32
591
37
368
606
195
17
195
753
924
507
350
866
661
604
251
606
494
208
507
331
228
661
613
37
37
32
532
977
333
260
368
17
360
208
166
626
771
260
544
861
347
166
208
973
635
636
661
245
46
291
228
832
643
195
428
114
27
458
507
46
604
494
604
17
544
643
333
604
507
228
661
661
507
331
17
507
866
166
233
635
152
436
436
392
331
333
544
948
407
383
152
37
494
27
861
606
973
604
734
606
861
163
866
412
458
17
208
834
643
700
46
46
866
861
705
886
436
544
753
331
360
535
507
260
935
458
392
661
360
643
532
331
734
661
368
507
46
260
396
291
383
260
606
734
428
973
163
700
407
163
195
635
98
832
331
331
604
532
331
436
195
661
753
360
935
360
757
383
866
544
114
886
37
861
17
152
46
734
924
27
771
37
98
606
635
606
886
507
148
360
604
396
436
977
17
494
507
635
37
412
195
834
32
507
700
604
834
700
17
635
233
544
803
753
661
98
291
643
643
606
771
544
535
507
507
166
494
203
37
948
148
935
407
635
507
195
604
834
436
535
535
832
208
834
412
251
260
661
368
331
208
260
17
245
494
604
251
494
396
850
163
544
494
507
208
412
350
26
208
228
861
643
331
383
507
866
260
46
331
228
428
771
27
532
428
251
208
661
46
771
881
245
494
37
866
886
360
753
891
507
891
360
260
114
734
606
208
661
396
392
901
412
643
46
753
606
208
891
507
166
661
32
347
948
32
436
347
228
291
920
291
228
604
924
948
166
935
46
27
228
368
331
347
412
935
458
832
643
195
940
368
834
228
120
866
251
428
948
734
228
604
734
604
954
407
208
532
958
959
753
120
166
331
458
973
771
507
251
291
120
347
977
973
347
251
17
977
886
891
208
635
977
27
251
383
208
635
27
948
532
203
992
166
233
494
606
17
360
37
