1540
4076
6425
10716
12819
10553
8495
12967
6797
7683
13979
4510
6069
5561
10716
2861
12585
5561
720
14689
6425
2991
16552
14689
902
3347
18117
10737
18336
2991
5561
3347
902
14746
2991
9259
5784
12975
17420
15637
14295
17278
10832
8237
3715
6309
15528
10478
914
4765
10457
3616
14619
5423
15345
3715
16434
18336
13140
11447
16434
2662
14619
17278
2198
10079
6309
17488
7601
4025
16434
7052
4765
11447
12158
14034
8777
6672
15685
10062
15528
10235
2605
15203
4908
17488
12158
18442
2991
9155
16532
19074
12721
1903
16532
2991
1487
6612
7368
11447
12158
914
16097
4190
13212
13147
4025
6612
15345
2358
17120
4025
15345
9745
4908
2782
2662
6612
19165
14970
1487
6672
13212
6612
9745
1487
1479
3715
14619
5306
17397
4025
8777
18013
15345
9914
6809
9461
4990
14034
1007
6704
18653
18653
16434
9461
19720
9397
17543
3575
5517
1479
4990
4813
5381
14413
8569
17117
13573
4990
6529
14692
14034
17175
19164
18108
6570
1195
1514
14034
2175
5255
18886
1497
2287
19720
9344
6809
18383
13050
19870
3891
19164
6529
2088
13257
6022
14184
16915
18108
6280
7169
2757
19074
13448
4413
19742
13478
7193
14692
1809
19074
3173
16958
1497
10033
2665
7365
9336
3806
11570
3925
2287
17619
19821
10033
15606
3806
7365
17619
13353
18142
18409
6694
10478
4838
10959
13842
3666
8803
17330
19742
3396
6694
2281
2198
1195
19468
4375
15501
17330
15877
9909
14193
2991
9759
7600
19468
3949
9235
13379
323
17684
18108
15223
10175
914
18115
10897
15528
3925
