20
21
12
26
19
21
22
20
19
25
49
50
65
71
46
56
43
73
58
41
737
975
709
954
1066
785
893
941
625
757
943
749
1087
1047
587
955
791
935
1051
1089
716
696
1146
654
978
965
1076
788
1144
569
838
973
858
1129
1087
689
893
1297
1013
1097
571
895
1284
511
963
1196
721
820
772
1067
610
863
635
1042
749
1145
1272
747
807
509
772
909
679
825
896
979
571
829
901
1201
1207
1069
687
752
852
1099
743
1204
896
669
